  PocketMonster.cpp
PocketMonster.cpp(113): warning C4838: conversion from 'int' to 'SHORT' requires a narrowing conversion
PocketMonster.cpp(131): warning C4996: 'getch': The POSIX name for this item is deprecated. Instead, use the ISO C and C++ conformant name: _getch. See online help for details.
  C:\Program Files (x86)\Windows Kits\10\Include\10.0.10240.0\ucrt\conio.h(452): note: see declaration of 'getch'
PocketMonster.cpp(300): warning C4996: 'scanf': This function or variable may be unsafe. Consider using scanf_s instead. To disable deprecation, use _CRT_SECURE_NO_WARNINGS. See online help for details.
  C:\Program Files (x86)\Windows Kits\10\Include\10.0.10240.0\ucrt\stdio.h(1270): note: see declaration of 'scanf'
PocketMonster.cpp(330): warning C4996: 'scanf': This function or variable may be unsafe. Consider using scanf_s instead. To disable deprecation, use _CRT_SECURE_NO_WARNINGS. See online help for details.
  C:\Program Files (x86)\Windows Kits\10\Include\10.0.10240.0\ucrt\stdio.h(1270): note: see declaration of 'scanf'
PocketMonster.cpp(350): warning C4244: '=': conversion from 'double' to 'int', possible loss of data
PocketMonster.cpp(365): warning C4244: '=': conversion from 'double' to 'int', possible loss of data
PocketMonster.cpp(380): warning C4244: '=': conversion from 'double' to 'int', possible loss of data
PocketMonster.cpp(395): warning C4244: '=': conversion from 'double' to 'int', possible loss of data
PocketMonster.cpp(489): warning C4996: 'scanf': This function or variable may be unsafe. Consider using scanf_s instead. To disable deprecation, use _CRT_SECURE_NO_WARNINGS. See online help for details.
  C:\Program Files (x86)\Windows Kits\10\Include\10.0.10240.0\ucrt\stdio.h(1270): note: see declaration of 'scanf'
PocketMonster.cpp(497): warning C4996: 'scanf': This function or variable may be unsafe. Consider using scanf_s instead. To disable deprecation, use _CRT_SECURE_NO_WARNINGS. See online help for details.
  C:\Program Files (x86)\Windows Kits\10\Include\10.0.10240.0\ucrt\stdio.h(1270): note: see declaration of 'scanf'
PocketMonster.cpp(682): warning C4996: 'getch': The POSIX name for this item is deprecated. Instead, use the ISO C and C++ conformant name: _getch. See online help for details.
  C:\Program Files (x86)\Windows Kits\10\Include\10.0.10240.0\ucrt\conio.h(452): note: see declaration of 'getch'
PocketMonster.cpp(1464): warning C4244: 'initializing': conversion from 'double' to 'int', possible loss of data
PocketMonster.cpp(1478): warning C4244: '=': conversion from 'double' to 'int', possible loss of data
PocketMonster.cpp(2037): warning C4996: 'getch': The POSIX name for this item is deprecated. Instead, use the ISO C and C++ conformant name: _getch. See online help for details.
  C:\Program Files (x86)\Windows Kits\10\Include\10.0.10240.0\ucrt\conio.h(452): note: see declaration of 'getch'
PocketMonster.cpp(2325): warning C4244: '=': conversion from 'double' to 'int', possible loss of data
PocketMonster.cpp(2365): warning C4244: '=': conversion from 'double' to 'int', possible loss of data
PocketMonster.cpp(2405): warning C4244: '=': conversion from 'double' to 'int', possible loss of data
PocketMonster.cpp(2445): warning C4244: '=': conversion from 'double' to 'int', possible loss of data
  Generating code
d:\gin\study\mygit\my_projects\project1_poket\code\poket-temp\pocketmonster.cpp(2814): warning C4715: 'mini_Fight': not all control paths return a value
d:\gin\study\mygit\my_projects\project1_poket\code\poket-temp\pocketmonster.cpp(4077): warning C4715: 'mini_Fight_Boss': not all control paths return a value
  All 38 functions were compiled because no usable IPDB/IOBJ from previous compilation was found.
  Finished generating code
  Poket-temp.vcxproj -> D:\Gin\Study\MyGit\My_Projects\Project1_Poket\code\x64\Release\PocketMonster.exe
  Poket-temp.vcxproj -> D:\Gin\Study\MyGit\My_Projects\Project1_Poket\code\x64\Release\PocketMonster.pdb (Full PDB)
